<?xml version="1.0" encoding="UTF-8"?>
<testng-results skipped="0" failed="0" total="1" passed="1">
  <reporter-output>
  </reporter-output>
  <suite name="Yahoo App Test Automation Suite" duration-ms="14478" started-at="2020-10-15T19:33:03Z" finished-at="2020-10-15T19:33:17Z">
    <groups>
    </groups>
    <test name="Yahoo App Test" duration-ms="14478" started-at="2020-10-15T19:33:03Z" finished-at="2020-10-15T19:33:17Z">
      <class name="com.shoaib.testng.TestNGParameterization">
        <test-method status="PASS" signature="yahooLoginTest(java.lang.String, java.lang.String, java.lang.String, java.lang.String)[pri:0, instance:com.shoaib.testng.TestNGParameterization@1b40d5f0]" name="yahooLoginTest" duration-ms="14463" started-at="2020-10-16T01:03:03Z" finished-at="2020-10-16T01:03:17Z">
          <params>
            <param index="0">
              <value>
                <![CDATA[QA]]>
              </value>
            </param>
            <param index="1">
              <value>
                <![CDATA[chrome]]>
              </value>
            </param>
            <param index="2">
              <value>
                <![CDATA[https://login.yahoo.com/]]>
              </value>
            </param>
            <param index="3">
              <value>
                <![CDATA[test@test.com]]>
              </value>
            </param>
          </params>
          <reporter-output>
          </reporter-output>
        </test-method> <!-- yahooLoginTest -->
      </class> <!-- com.shoaib.testng.TestNGParameterization -->
    </test> <!-- Yahoo App Test -->
  </suite> <!-- Yahoo App Test Automation Suite -->
</testng-results>
